[    38.006] (--) Log file renamed from "/home/user/.local/share/xorg/Xorg.pid-1863.log" to "/home/user/.local/share/xorg/Xorg.0.log"
[    38.012] 
X.Org X Server 1.20.13
X Protocol Version 11, Revision 0
[    38.012] Build Operating System: linux Ubuntu
[    38.012] Current Operating System: Linux user-virtual-machine 5.13.0-37-generic #42~20.04.1-Ubuntu SMP Tue Mar 15 15:44:28 UTC 2022 x86_64
[    38.012] Kernel command line: BOOT_IMAGE=/boot/vmlinuz-5.13.0-37-generic root=UUID=3679d79c-30cd-4484-bef0-055626985316 ro quiet splash
[    38.012] Build Date: 14 December 2021  02:14:13PM
[    38.012] xorg-server 2:1.20.13-1ubuntu1~20.04.2 (For technical support please see http://www.ubuntu.com/support) 
[    38.012] Current version of pixman: 0.38.4
[    38.012] 	Before reporting problems, check http://wiki.x.org
	to make sure that you have the latest version.
[    38.012] Markers: (--) probed, (**) from config file, (==) default setting,
	(++) from command line, (!!) notice, (II) informational,
	(WW) warning, (EE) error, (NI) not implemented, (??) unknown.
[    38.012] (==) Log file: "/home/user/.local/share/xorg/Xorg.0.log", Time: Wed Mar 30 13:43:03 2022
[    38.022] (==) Using system config directory "/usr/share/X11/xorg.conf.d"
[    38.028] (==) No Layout section.  Using the first Screen section.
[    38.028] (==) No screen section available. Using defaults.
[    38.028] (**) |-->Screen "Default Screen Section" (0)
[    38.028] (**) |   |-->Monitor "<default monitor>"
[    38.032] (==) No monitor specified for screen "Default Screen Section".
	Using a default monitor configuration.
[    38.032] (==) Automatically adding devices
[    38.032] (==) Automatically enabling devices
[    38.032] (==) Automatically adding GPU devices
[    38.032] (==) Automatically binding GPU devices
[    38.032] (==) Max clients allowed: 256, resource mask: 0x1fffff
[    38.032] (WW) The directory "/usr/share/fonts/X11/cyrillic" does not exist.
[    38.033] 	Entry deleted from font path.
[    38.033] (WW) The directory "/usr/share/fonts/X11/100dpi/" does not exist.
[    38.033] 	Entry deleted from font path.
[    38.033] (WW) The directory "/usr/share/fonts/X11/75dpi/" does not exist.
[    38.033] 	Entry deleted from font path.
[    38.033] (WW) The directory "/usr/share/fonts/X11/100dpi" does not exist.
[    38.033] 	Entry deleted from font path.
[    38.033] (WW) The directory "/usr/share/fonts/X11/75dpi" does not exist.
[    38.033] 	Entry deleted from font path.
[    38.033] (==) FontPath set to:
	/usr/share/fonts/X11/misc,
	/usr/share/fonts/X11/Type1,
	built-ins
[    38.033] (==) ModulePath set to "/usr/lib/xorg/modules"
[    38.033] (II) The server relies on udev to provide the list of input devices.
	If no devices become available, reconfigure udev or disable AutoAddDevices.
[    38.033] (II) Loader magic: 0x563bbd2b0020
[    38.033] (II) Module ABI versions:
[    38.033] 	X.Org ANSI C Emulation: 0.4
[    38.033] 	X.Org Video Driver: 24.1
[    38.033] 	X.Org XInput driver : 24.1
[    38.033] 	X.Org Server Extension : 10.0
[    38.037] (++) using VT number 2

[    38.041] (II) systemd-logind: took control of session /org/freedesktop/login1/session/_33
[    38.045] (II) xfree86: Adding drm device (/dev/dri/card0)
[    38.053] (II) systemd-logind: got fd for /dev/dri/card0 226:0 fd 12 paused 0
[    38.077] (--) PCI:*(0@0:15:0) 15ad:0405:15ad:0405 rev 0, Mem @ 0xe8000000/134217728, 0xfe000000/8388608, I/O @ 0x00001070/16, BIOS @ 0x????????/131072
[    38.079] (II) LoadModule: "glx"
[    38.087] (II) Loading /usr/lib/xorg/modules/extensions/libglx.so
[    38.106] (II) Module glx: vendor="X.Org Foundation"
[    38.106] 	compiled for 1.20.13, module version = 1.0.0
[    38.106] 	ABI class: X.Org Server Extension, version 10.0
[    38.106] (==) Matched vmware as autoconfigured driver 0
[    38.106] (==) Matched modesetting as autoconfigured driver 1
[    38.106] (==) Matched fbdev as autoconfigured driver 2
[    38.106] (==) Matched vesa as autoconfigured driver 3
[    38.106] (==) Assigned the driver to the xf86ConfigLayout
[    38.106] (II) LoadModule: "vmware"
[    38.106] (II) Loading /usr/lib/xorg/modules/drivers/vmware_drv.so
[    38.693] (II) Module vmware: vendor="X.Org Foundation"
[    38.693] 	compiled for 1.20.8, module version = 13.3.0
[    38.693] 	Module class: X.Org Video Driver
[    38.693] 	ABI class: X.Org Video Driver, version 24.1
[    38.693] (II) LoadModule: "modesetting"
[    38.694] (II) Loading /usr/lib/xorg/modules/drivers/modesetting_drv.so
[    38.696] (II) Module modesetting: vendor="X.Org Foundation"
[    38.696] 	compiled for 1.20.13, module version = 1.20.13
[    38.696] 	Module class: X.Org Video Driver
[    38.696] 	ABI class: X.Org Video Driver, version 24.1
[    38.696] (II) LoadModule: "fbdev"
[    38.696] (II) Loading /usr/lib/xorg/modules/drivers/fbdev_drv.so
[    38.698] (II) Module fbdev: vendor="X.Org Foundation"
[    38.698] 	compiled for 1.20.1, module version = 0.5.0
[    38.698] 	Module class: X.Org Video Driver
[    38.698] 	ABI class: X.Org Video Driver, version 24.0
[    38.698] (II) LoadModule: "vesa"
[    38.699] (II) Loading /usr/lib/xorg/modules/drivers/vesa_drv.so
[    38.701] (II) Module vesa: vendor="X.Org Foundation"
[    38.701] 	compiled for 1.20.4, module version = 2.4.0
[    38.701] 	Module class: X.Org Video Driver
[    38.701] 	ABI class: X.Org Video Driver, version 24.0
[    38.701] (II) vmware: driver for VMware SVGA: vmware0405, vmware0710
[    38.701] (II) modesetting: Driver for Modesetting Kernel Drivers: kms
[    38.701] (II) FBDEV: driver for framebuffer: fbdev
[    38.701] (II) VESA: driver for VESA chipsets: vesa
[    38.701] xf86EnableIOPorts: failed to set IOPL for I/O (Operation not permitted)
[    38.701] (WW) Falling back to old probe method for modesetting
[    38.701] (WW) Falling back to old probe method for fbdev
[    38.701] (II) Loading sub module "fbdevhw"
[    38.701] (II) LoadModule: "fbdevhw"
[    38.702] (II) Loading /usr/lib/xorg/modules/libfbdevhw.so
[    38.703] (II) Module fbdevhw: vendor="X.Org Foundation"
[    38.703] 	compiled for 1.20.13, module version = 0.0.2
[    38.703] 	ABI class: X.Org Video Driver, version 24.1
[    38.703] (EE) open /dev/fb0: Permission denied
[    38.704] (WW) VGA arbiter: cannot open kernel arbiter, no multi-card support
[    38.704] (II) vmware(0): Creating default Display subsection in Screen section
	"Default Screen Section" for depth/fbbpp 24/32
[    38.704] (--) vmware(0): DRM driver version is 2.18.1
[    38.704] (==) vmware(0): Depth 24, (--) framebuffer bpp 32
[    38.704] (==) vmware(0): RGB weight 888
[    38.704] (==) vmware(0): Default visual is TrueColor
[    38.704] (--) vmware(0): Min width 1, Max Width 16384.
[    38.704] (--) vmware(0): Min height 1, Max Height 16384.
[    38.706] (II) vmware(0): Output Virtual1 has no monitor section
[    38.706] (II) vmware(0): Output Virtual2 has no monitor section
[    38.706] (II) vmware(0): Output Virtual3 has no monitor section
[    38.706] (II) vmware(0): Output Virtual4 has no monitor section
[    38.706] (II) vmware(0): Output Virtual5 has no monitor section
[    38.706] (II) vmware(0): Output Virtual6 has no monitor section
[    38.706] (II) vmware(0): Output Virtual7 has no monitor section
[    38.707] (II) vmware(0): Output Virtual8 has no monitor section
[    38.707] (II) vmware(0): Printing probed modes for output Virtual1
[    38.707] (II) vmware(0): Modeline "1553x839"x60.0  101.05  1553 1603 1653 1703  839 889 939 989 -hsync +vsync (59.3 kHz eP)
[    38.707] (II) vmware(0): Modeline "3840x2400"x60.0  592.25  3840 3888 3920 4000  2400 2403 2409 2469 +hsync -vsync (148.1 kHz e)
[    38.707] (II) vmware(0): Modeline "3840x2160"x60.0  533.00  3840 3888 3920 4000  2160 2163 2168 2222 +hsync -vsync (133.2 kHz e)
[    38.707] (II) vmware(0): Modeline "2880x1800"x59.9  337.50  2880 2928 2960 3040  1800 1803 1809 1852 +hsync -vsync (111.0 kHz e)
[    38.707] (II) vmware(0): Modeline "2560x1600"x60.0  348.50  2560 2752 3032 3504  1600 1603 1609 1658 -hsync +vsync (99.5 kHz e)
[    38.707] (II) vmware(0): Modeline "2560x1440"x60.0  241.50  2560 2608 2640 2720  1440 1443 1448 1481 +hsync -vsync (88.8 kHz e)
[    38.707] (II) vmware(0): Modeline "1920x1440"x60.0  234.00  1920 2048 2256 2600  1440 1441 1444 1500 -hsync +vsync (90.0 kHz e)
[    38.707] (II) vmware(0): Modeline "1856x1392"x60.0  218.25  1856 1952 2176 2528  1392 1393 1396 1439 -hsync +vsync (86.3 kHz e)
[    38.707] (II) vmware(0): Modeline "1792x1344"x60.0  204.75  1792 1920 2120 2448  1344 1345 1348 1394 -hsync +vsync (83.6 kHz e)
[    38.707] (II) vmware(0): Modeline "1920x1200"x59.9  193.25  1920 2056 2256 2592  1200 1203 1209 1245 -hsync +vsync (74.6 kHz e)
[    38.707] (II) vmware(0): Modeline "1920x1080"x60.0  173.00  1920 2048 2248 2576  1080 1083 1088 1120 -hsync +vsync (67.2 kHz e)
[    38.707] (II) vmware(0): Modeline "1600x1200"x60.0  162.00  1600 1664 1856 2160  1200 1201 1204 1250 +hsync +vsync (75.0 kHz e)
[    38.708] (II) vmware(0): Modeline "1680x1050"x60.0  146.25  1680 1784 1960 2240  1050 1053 1059 1089 -hsync +vsync (65.3 kHz e)
[    38.708] (II) vmware(0): Modeline "1400x1050"x60.0  121.75  1400 1488 1632 1864  1050 1053 1057 1089 -hsync +vsync (65.3 kHz e)
[    38.708] (II) vmware(0): Modeline "1280x1024"x60.0  108.00  1280 1328 1440 1688  1024 1025 1028 1066 +hsync +vsync (64.0 kHz e)
[    38.708] (II) vmware(0): Modeline "1440x900"x59.9  106.50  1440 1520 1672 1904  900 903 909 934 -hsync +vsync (55.9 kHz e)
[    38.708] (II) vmware(0): Modeline "1280x960"x60.0  108.00  1280 1376 1488 1800  960 961 964 1000 +hsync +vsync (60.0 kHz e)
[    38.708] (II) vmware(0): Modeline "1360x768"x60.0   85.50  1360 1424 1536 1792  768 771 777 795 +hsync +vsync (47.7 kHz e)
[    38.708] (II) vmware(0): Modeline "1280x800"x59.8   83.50  1280 1352 1480 1680  800 803 809 831 +hsync -vsync (49.7 kHz e)
[    38.708] (II) vmware(0): Modeline "1152x864"x75.0  108.00  1152 1216 1344 1600  864 865 868 900 +hsync +vsync (67.5 kHz e)
[    38.708] (II) vmware(0): Modeline "1280x768"x59.9   79.50  1280 1344 1472 1664  768 771 778 798 -hsync +vsync (47.8 kHz e)
[    38.708] (II) vmware(0): Modeline "1280x720"x59.9   74.50  1280 1344 1472 1664  720 723 728 748 -hsync +vsync (44.8 kHz e)
[    38.708] (II) vmware(0): Modeline "1024x768"x60.0   65.00  1024 1048 1184 1344  768 771 777 806 -hsync -vsync (48.4 kHz e)
[    38.708] (II) vmware(0): Modeline "800x600"x60.3   40.00  800 840 968 1056  600 601 605 628 +hsync +vsync (37.9 kHz e)
[    38.708] (II) vmware(0): Modeline "640x480"x59.9   25.18  640 656 752 800  480 489 492 525 -hsync -vsync (31.5 kHz e)
[    38.708] (II) vmware(0): EDID for output Virtual2
[    38.708] (II) vmware(0): EDID for output Virtual3
[    38.708] (II) vmware(0): EDID for output Virtual4
[    38.708] (II) vmware(0): EDID for output Virtual5
[    38.708] (II) vmware(0): EDID for output Virtual6
[    38.708] (II) vmware(0): EDID for output Virtual7
[    38.708] (II) vmware(0): EDID for output Virtual8
[    38.708] (II) vmware(0): Output Virtual1 connected
[    38.708] (II) vmware(0): Output Virtual2 disconnected
[    38.708] (II) vmware(0): Output Virtual3 disconnected
[    38.708] (II) vmware(0): Output Virtual4 disconnected
[    38.708] (II) vmware(0): Output Virtual5 disconnected
[    38.708] (II) vmware(0): Output Virtual6 disconnected
[    38.708] (II) vmware(0): Output Virtual7 disconnected
[    38.708] (II) vmware(0): Output Virtual8 disconnected
[    38.708] (II) vmware(0): Using exact sizes for initial modes
[    38.708] (II) vmware(0): Output Virtual1 using initial mode 1553x839 +0+0
[    38.708] (==) vmware(0): DPI set to (96, 96)
[    38.708] (==) vmware(0): Using gamma correction (1.0, 1.0, 1.0)
[    38.708] (II) Loading sub module "fb"
[    38.708] (II) LoadModule: "fb"
[    38.709] (II) Loading /usr/lib/xorg/modules/libfb.so
[    38.713] (II) Module fb: vendor="X.Org Foundation"
[    38.713] 	compiled for 1.20.13, module version = 1.0.0
[    38.713] 	ABI class: X.Org ANSI C Emulation, version 0.4
[    38.713] (II) Loading sub module "dri2"
[    38.713] (II) LoadModule: "dri2"
[    38.713] (II) Module "dri2" already built-in
[    38.713] (II) Loading sub module "dri3"
[    38.713] (II) LoadModule: "dri3"
[    38.713] (II) Module "dri3" already built-in
[    38.713] (II) UnloadModule: "modesetting"
[    38.713] (II) Unloading modesetting
[    38.714] (II) UnloadModule: "fbdev"
[    38.714] (II) Unloading fbdev
[    38.714] (II) UnloadSubModule: "fbdevhw"
[    38.714] (II) Unloading fbdevhw
[    38.714] (II) UnloadModule: "vesa"
[    38.714] (II) Unloading vesa
[    38.720] (II) vmware(0): Initialized VMWARE_CTRL extension version 0.2
[    39.030] (II) vmware(0): Gallium3D XA version: 2.5.0.
[    39.031] (II) vmware(0): Path of drm device is "/dev/dri/card0".
[    39.031] (II) vmware(0): [DRI2] Setup complete
[    39.031] (II) vmware(0): [DRI2]   DRI driver: vmwgfx
[    39.368] (--) vmware(0): Render acceleration is enabled.
[    39.369] (==) vmware(0): Rendercheck mode is disabled.
[    39.369] (--) vmware(0): Direct rendering (DRI2 3D) is enabled.
[    39.369] (--) vmware(0): Direct rendering (DRI3 3D) is enabled.
[    39.370] (==) vmware(0): Direct presents are disabled.
[    39.370] (==) vmware(0): Hardware only presents are automatic per scanout.
[    39.371] (==) vmware(0): Backing store enabled
[    39.371] (==) vmware(0): Silken mouse enabled
[    39.380] (==) vmware(0): DPMS enabled
[    39.382] (II) Initializing extension Generic Event Extension
[    39.382] (II) Initializing extension SHAPE
[    39.383] (II) Initializing extension MIT-SHM
[    39.383] (II) Initializing extension XInputExtension
[    39.386] (II) Initializing extension XTEST
[    39.388] (II) Initializing extension BIG-REQUESTS
[    39.388] (II) Initializing extension SYNC
[    39.389] (II) Initializing extension XKEYBOARD
[    39.389] (II) Initializing extension XC-MISC
[    39.389] (II) Initializing extension SECURITY
[    39.390] (II) Initializing extension XFIXES
[    39.390] (II) Initializing extension RENDER
[    39.390] (II) Initializing extension RANDR
[    39.391] (II) Initializing extension COMPOSITE
[    39.392] (II) Initializing extension DAMAGE
[    39.392] (II) Initializing extension MIT-SCREEN-SAVER
[    39.393] (II) Initializing extension DOUBLE-BUFFER
[    39.393] (II) Initializing extension RECORD
[    39.394] (II) Initializing extension DPMS
[    39.394] (II) Initializing extension Present
[    39.395] (II) Initializing extension DRI3
[    39.395] (II) Initializing extension X-Resource
[    39.396] (II) Initializing extension XVideo
[    39.397] (II) Initializing extension XVideo-MotionCompensation
[    39.397] (II) Initializing extension SELinux
[    39.397] (II) SELinux: Disabled on system
[    39.397] (II) Initializing extension GLX
[    39.447] (II) AIGLX: Loaded and initialized vmwgfx
[    39.448] (II) GLX: Initialized DRI2 GL provider for screen 0
[    39.448] (II) Initializing extension XFree86-VidModeExtension
[    39.449] (II) Initializing extension XFree86-DGA
[    39.449] (II) Initializing extension XFree86-DRI
[    39.449] (II) Initializing extension DRI2
[    39.506] (II) vmware(0): Setting screen physical size to 410 x 221
[    39.724] (II) config/udev: Adding input device Power Button (/dev/input/event0)
[    39.725] (**) Power Button: Applying InputClass "libinput keyboard catchall"
[    39.725] (II) LoadModule: "libinput"
[    39.725] (II) Loading /usr/lib/xorg/modules/input/libinput_drv.so
[    39.744] (II) Module libinput: vendor="X.Org Foundation"
[    39.744] 	compiled for 1.20.4, module version = 0.29.0
[    39.744] 	Module class: X.Org XInput Driver
[    39.744] 	ABI class: X.Org XInput driver, version 24.1
[    39.744] (II) Using input driver 'libinput' for 'Power Button'
[    39.749] (II) systemd-logind: got fd for /dev/input/event0 13:64 fd 24 paused 0
[    39.749] (**) Power Button: always reports core events
[    39.749] (**) Option "Device" "/dev/input/event0"
[    39.749] (**) Option "_source" "server/udev"
[    39.760] (II) event0  - Power Button: is tagged by udev as: Keyboard
[    39.761] (II) event0  - Power Button: device is a keyboard
[    39.761] (II) event0  - Power Button: device removed
[    39.761] (**) Option "config_info" "udev:/sys/devices/LNXSYSTM:00/LNXPWRBN:00/input/input0/event0"
[    39.764] (II) XINPUT: Adding extended input device "Power Button" (type: KEYBOARD, id 6)
[    39.764] (**) Option "xkb_model" "pc105"
[    39.764] (**) Option "xkb_layout" "us"
[    39.769] (II) event0  - Power Button: is tagged by udev as: Keyboard
[    39.769] (II) event0  - Power Button: device is a keyboard
[    39.774] (II) config/udev: Adding input device VMware VMware Virtual USB Mouse (/dev/input/event4)
[    39.774] (**) VMware VMware Virtual USB Mouse: Applying InputClass "libinput pointer catchall"
[    39.775] (II) Using input driver 'libinput' for 'VMware VMware Virtual USB Mouse'
[    39.839] (II) systemd-logind: got fd for /dev/input/event4 13:68 fd 27 paused 0
[    39.839] (**) VMware VMware Virtual USB Mouse: always reports core events
[    39.840] (**) Option "Device" "/dev/input/event4"
[    39.840] (**) Option "_source" "server/udev"
[    39.854] (II) event4  - VMware VMware Virtual USB Mouse: is tagged by udev as: Mouse
[    39.854] (II) event4  - VMware VMware Virtual USB Mouse: device is a pointer
[    39.855] (II) event4  - VMware VMware Virtual USB Mouse: device removed
[    39.855] (**) Option "config_info" "udev:/sys/devices/pci0000:00/0000:00:11.0/0000:02:00.0/usb2/2-1/2-1:1.0/0003:0E0F:0003.0001/input/input5/event4"
[    39.855] (II) XINPUT: Adding extended input device "VMware VMware Virtual USB Mouse" (type: MOUSE, id 7)
[    39.858] (**) Option "AccelerationScheme" "none"
[    39.858] (**) VMware VMware Virtual USB Mouse: (accel) selected scheme none/0
[    39.858] (**) VMware VMware Virtual USB Mouse: (accel) acceleration factor: 2.000
[    39.858] (**) VMware VMware Virtual USB Mouse: (accel) acceleration threshold: 4
[    39.872] (II) event4  - VMware VMware Virtual USB Mouse: is tagged by udev as: Mouse
[    39.876] (II) event4  - VMware VMware Virtual USB Mouse: device is a pointer
[    39.879] (II) config/udev: Adding input device VMware VMware Virtual USB Mouse (/dev/input/mouse2)
[    39.884] (II) No input driver specified, ignoring this device.
[    39.884] (II) This device may have been added with another device file.
[    39.886] (II) config/udev: Adding input device AT Translated Set 2 keyboard (/dev/input/event1)
[    39.886] (**) AT Translated Set 2 keyboard: Applying InputClass "libinput keyboard catchall"
[    39.886] (II) Using input driver 'libinput' for 'AT Translated Set 2 keyboard'
[    39.893] (II) systemd-logind: got fd for /dev/input/event1 13:65 fd 28 paused 0
[    39.893] (**) AT Translated Set 2 keyboard: always reports core events
[    39.893] (**) Option "Device" "/dev/input/event1"
[    39.893] (**) Option "_source" "server/udev"
[    39.900] (II) event1  - AT Translated Set 2 keyboard: is tagged by udev as: Keyboard
[    39.900] (II) event1  - AT Translated Set 2 keyboard: device is a keyboard
[    39.904] (II) event1  - AT Translated Set 2 keyboard: device removed
[    39.904] (**) Option "config_info" "udev:/sys/devices/platform/i8042/serio0/input/input1/event1"
[    39.905] (II) XINPUT: Adding extended input device "AT Translated Set 2 keyboard" (type: KEYBOARD, id 8)
[    39.905] (**) Option "xkb_model" "pc105"
[    39.906] (**) Option "xkb_layout" "us"
[    39.913] (II) event1  - AT Translated Set 2 keyboard: is tagged by udev as: Keyboard
[    39.914] (II) event1  - AT Translated Set 2 keyboard: device is a keyboard
[    39.923] (II) config/udev: Adding input device VirtualPS/2 VMware VMMouse (/dev/input/event3)
[    39.923] (**) VirtualPS/2 VMware VMMouse: Applying InputClass "libinput pointer catchall"
[    39.923] (II) Using input driver 'libinput' for 'VirtualPS/2 VMware VMMouse'
[    39.926] (II) systemd-logind: got fd for /dev/input/event3 13:67 fd 29 paused 0
[    39.926] (**) VirtualPS/2 VMware VMMouse: always reports core events
[    39.927] (**) Option "Device" "/dev/input/event3"
[    39.927] (**) Option "_source" "server/udev"
[    39.931] (II) event3  - VirtualPS/2 VMware VMMouse: is tagged by udev as: Mouse
[    39.932] (II) event3  - VirtualPS/2 VMware VMMouse: device is a pointer
[    39.939] (II) event3  - VirtualPS/2 VMware VMMouse: device removed
[    39.941] (**) Option "config_info" "udev:/sys/devices/platform/i8042/serio1/input/input3/event3"
[    39.941] (II) XINPUT: Adding extended input device "VirtualPS/2 VMware VMMouse" (type: MOUSE, id 9)
[    39.941] (**) Option "AccelerationScheme" "none"
[    39.941] (**) VirtualPS/2 VMware VMMouse: (accel) selected scheme none/0
[    39.941] (**) VirtualPS/2 VMware VMMouse: (accel) acceleration factor: 2.000
[    39.941] (**) VirtualPS/2 VMware VMMouse: (accel) acceleration threshold: 4
[    39.952] (II) event3  - VirtualPS/2 VMware VMMouse: is tagged by udev as: Mouse
[    39.952] (II) event3  - VirtualPS/2 VMware VMMouse: device is a pointer
[    39.954] (II) config/udev: Adding input device VirtualPS/2 VMware VMMouse (/dev/input/mouse1)
[    39.954] (II) No input driver specified, ignoring this device.
[    39.954] (II) This device may have been added with another device file.
[    39.955] (II) config/udev: Adding input device VirtualPS/2 VMware VMMouse (/dev/input/event2)
[    39.955] (**) VirtualPS/2 VMware VMMouse: Applying InputClass "libinput pointer catchall"
[    39.963] (II) Using input driver 'libinput' for 'VirtualPS/2 VMware VMMouse'
[    39.976] (II) systemd-logind: got fd for /dev/input/event2 13:66 fd 30 paused 0
[    39.978] (**) VirtualPS/2 VMware VMMouse: always reports core events
[    39.978] (**) Option "Device" "/dev/input/event2"
[    39.978] (**) Option "_source" "server/udev"
[    39.986] (II) event2  - VirtualPS/2 VMware VMMouse: is tagged by udev as: Mouse
[    39.989] (II) event2  - VirtualPS/2 VMware VMMouse: device is a pointer
[    39.990] (II) event2  - VirtualPS/2 VMware VMMouse: device removed
[    39.990] (**) Option "config_info" "udev:/sys/devices/platform/i8042/serio1/input/input4/event2"
[    39.992] (II) XINPUT: Adding extended input device "VirtualPS/2 VMware VMMouse" (type: MOUSE, id 10)
[    39.992] (**) Option "AccelerationScheme" "none"
[    39.994] (**) VirtualPS/2 VMware VMMouse: (accel) selected scheme none/0
[    39.995] (**) VirtualPS/2 VMware VMMouse: (accel) acceleration factor: 2.000
[    39.995] (**) VirtualPS/2 VMware VMMouse: (accel) acceleration threshold: 4
[    39.999] (II) event2  - VirtualPS/2 VMware VMMouse: is tagged by udev as: Mouse
[    40.002] (II) event2  - VirtualPS/2 VMware VMMouse: device is a pointer
[    40.005] (II) config/udev: Adding input device VirtualPS/2 VMware VMMouse (/dev/input/mouse0)
[    40.006] (II) No input driver specified, ignoring this device.
[    40.006] (II) This device may have been added with another device file.
